[2017-07-06 11:26:18,970] INFO [Controller 0]: Controller starting up (kafka.controller.KafkaController)
[2017-07-06 11:26:19,247] INFO [Controller 0]: Broker 0 starting become controller state transition (kafka.controller.KafkaController)
[2017-07-06 11:26:19,284] INFO [Controller 0]: Controller 0 incremented epoch to 1 (kafka.controller.KafkaController)
[2017-07-06 11:26:19,286] DEBUG [Controller 0]: Registering IsrChangeNotificationListener (kafka.controller.KafkaController)
[2017-07-06 11:26:19,346] INFO [Controller 0]: Partitions undergoing preferred replica election:  (kafka.controller.KafkaController)
[2017-07-06 11:26:19,347] INFO [Controller 0]: Partitions that completed preferred replica election:  (kafka.controller.KafkaController)
[2017-07-06 11:26:19,348] INFO [Controller 0]: Resuming preferred replica election for partitions:  (kafka.controller.KafkaController)
[2017-07-06 11:26:19,356] INFO [Controller 0]: Partitions being reassigned: Map() (kafka.controller.KafkaController)
[2017-07-06 11:26:19,357] INFO [Controller 0]: Partitions already reassigned: List() (kafka.controller.KafkaController)
[2017-07-06 11:26:19,360] INFO [Controller 0]: Resuming reassignment of partitions: Map() (kafka.controller.KafkaController)
[2017-07-06 11:26:19,377] INFO [Controller 0]: List of topics to be deleted:  (kafka.controller.KafkaController)
[2017-07-06 11:26:19,381] INFO [Controller 0]: List of topics ineligible for deletion:  (kafka.controller.KafkaController)
[2017-07-06 11:26:19,388] INFO [Controller 0]: Currently active brokers in the cluster: Set() (kafka.controller.KafkaController)
[2017-07-06 11:26:19,394] INFO [Controller 0]: Currently shutting brokers in the cluster: Set() (kafka.controller.KafkaController)
[2017-07-06 11:26:19,396] INFO [Controller 0]: Current list of topics in the cluster: Set() (kafka.controller.KafkaController)
[2017-07-06 11:26:19,399] INFO [Replica state machine on controller 0]: Started replica state machine with initial state -> Map() (kafka.controller.ReplicaStateMachine)
[2017-07-06 11:26:19,461] INFO [Partition state machine on Controller 0]: Started partition state machine with initial state -> Map() (kafka.controller.PartitionStateMachine)
[2017-07-06 11:26:19,462] INFO [Controller 0]: Broker 0 is ready to serve as the new controller with epoch 1 (kafka.controller.KafkaController)
[2017-07-06 11:26:19,463] INFO [Controller 0]: Starting preferred replica leader election for partitions  (kafka.controller.KafkaController)
[2017-07-06 11:26:19,464] INFO [Partition state machine on Controller 0]: Invoking state change to OnlinePartition for partitions  (kafka.controller.PartitionStateMachine)
[2017-07-06 11:26:19,505] INFO [Controller 0]: starting the partition rebalance scheduler (kafka.controller.KafkaController)
[2017-07-06 11:26:19,506] INFO [Controller 0]: Controller startup complete (kafka.controller.KafkaController)
[2017-07-06 11:26:19,955] INFO [BrokerChangeListener on Controller 0]: Broker change listener fired for path /brokers/ids with children 0 (kafka.controller.ReplicaStateMachine$BrokerChangeListener)
[2017-07-06 11:26:20,080] INFO [BrokerChangeListener on Controller 0]: Newly added brokers: 0, deleted brokers: , all live brokers: 0 (kafka.controller.ReplicaStateMachine$BrokerChangeListener)
[2017-07-06 11:26:20,081] DEBUG [Channel manager on controller 0]: Controller 0 trying to connect to broker 0 (kafka.controller.ControllerChannelManager)
[2017-07-06 11:26:20,117] INFO [Controller-0-to-broker-0-send-thread], Starting  (kafka.controller.RequestSendThread)
[2017-07-06 11:26:20,116] INFO [Controller 0]: New broker startup callback for 0 (kafka.controller.KafkaController)
[2017-07-06 11:26:20,260] INFO [Controller-0-to-broker-0-send-thread], Controller 0 connected to knoldus:9092 (id: 0 rack: null) for sending state change requests (kafka.controller.RequestSendThread)
[2017-07-06 11:26:24,509] TRACE [Controller 0]: checking need to trigger partition rebalance (kafka.controller.KafkaController)
[2017-07-06 11:26:24,512] DEBUG [Controller 0]: preferred replicas by broker Map() (kafka.controller.KafkaController)
[2017-07-06 11:27:33,250] INFO [Controller 0]: Shutting down broker 0 (kafka.controller.KafkaController)
[2017-07-06 11:27:33,251] DEBUG [Controller 0]: All shutting down brokers: 0 (kafka.controller.KafkaController)
[2017-07-06 11:27:33,252] DEBUG [Controller 0]: Live brokers:  (kafka.controller.KafkaController)
[2017-07-06 11:27:33,256] TRACE [Controller 0]: All leaders =  (kafka.controller.KafkaController)
[2017-07-06 11:27:34,253] DEBUG [Controller 0]: Controller resigning, broker id 0 (kafka.controller.KafkaController)
[2017-07-06 11:27:34,254] DEBUG [Controller 0]: De-registering IsrChangeNotificationListener (kafka.controller.KafkaController)
[2017-07-06 11:27:34,258] INFO [Partition state machine on Controller 0]: Stopped partition state machine (kafka.controller.PartitionStateMachine)
[2017-07-06 11:27:34,259] INFO [Replica state machine on controller 0]: Stopped replica state machine (kafka.controller.ReplicaStateMachine)
[2017-07-06 11:27:34,262] INFO [Controller-0-to-broker-0-send-thread], Shutting down (kafka.controller.RequestSendThread)
[2017-07-06 11:27:34,262] INFO [Controller-0-to-broker-0-send-thread], Stopped  (kafka.controller.RequestSendThread)
[2017-07-06 11:27:34,262] INFO [Controller-0-to-broker-0-send-thread], Shutdown completed (kafka.controller.RequestSendThread)
[2017-07-06 11:27:34,263] INFO [Controller 0]: Broker 0 resigned as the controller (kafka.controller.KafkaController)
