[2017-07-06 11:26:17,269] INFO starting (kafka.server.KafkaServer)
[2017-07-06 11:26:17,325] INFO Connecting to zookeeper on localhost:2181 (kafka.server.KafkaServer)
[2017-07-06 11:26:17,379] INFO Starting ZkClient event thread. (org.I0Itec.zkclient.ZkEventThread)
[2017-07-06 11:26:17,527] INFO Waiting for keeper state SyncConnected (org.I0Itec.zkclient.ZkClient)
[2017-07-06 11:26:17,724] INFO zookeeper state changed (SyncConnected) (org.I0Itec.zkclient.ZkClient)
[2017-07-06 11:26:18,322] INFO Log directory '/home/knoldus/Deepak_Laptop_Data/Desktop/desktopdata/demo-knolx/lagom-demo/target/lagom-dynamic-projects/lagom-internal-meta-project-kafka/target/kafka_data' not found, creating it. (kafka.log.LogManager)
[2017-07-06 11:26:18,331] INFO Loading logs. (kafka.log.LogManager)
[2017-07-06 11:26:18,343] INFO Logs loading complete. (kafka.log.LogManager)
[2017-07-06 11:26:18,569] INFO Starting log cleanup with a period of 300000 ms. (kafka.log.LogManager)
[2017-07-06 11:26:18,575] INFO Starting log flusher with a default period of 9223372036854775807 ms. (kafka.log.LogManager)
[2017-07-06 11:26:18,626] WARN No meta.properties file under dir /home/knoldus/Deepak_Laptop_Data/Desktop/desktopdata/demo-knolx/lagom-demo/target/lagom-dynamic-projects/lagom-internal-meta-project-kafka/target/kafka_data/meta.properties (kafka.server.BrokerMetadataCheckpoint)
[2017-07-06 11:26:18,754] INFO Awaiting socket connections on 0.0.0.0:9092. (kafka.network.Acceptor)
[2017-07-06 11:26:18,760] INFO [Socket Server on Broker 0], Started 1 acceptor threads (kafka.network.SocketServer)
[2017-07-06 11:26:18,865] INFO [ExpirationReaper-0], Starting  (kafka.server.DelayedOperationPurgatory$ExpiredOperationReaper)
[2017-07-06 11:26:18,865] INFO [ExpirationReaper-0], Starting  (kafka.server.DelayedOperationPurgatory$ExpiredOperationReaper)
[2017-07-06 11:26:19,184] INFO Creating /controller (is it secure? false) (kafka.utils.ZKCheckedEphemeral)
[2017-07-06 11:26:19,239] INFO Result of znode creation is: OK (kafka.utils.ZKCheckedEphemeral)
[2017-07-06 11:26:19,243] INFO 0 successfully elected as leader (kafka.server.ZookeeperLeaderElector)
[2017-07-06 11:26:19,527] INFO [ExpirationReaper-0], Starting  (kafka.server.DelayedOperationPurgatory$ExpiredOperationReaper)
[2017-07-06 11:26:19,529] INFO [ExpirationReaper-0], Starting  (kafka.server.DelayedOperationPurgatory$ExpiredOperationReaper)
[2017-07-06 11:26:19,567] INFO [GroupCoordinator 0]: Starting up. (kafka.coordinator.GroupCoordinator)
[2017-07-06 11:26:19,569] INFO [GroupCoordinator 0]: Startup complete. (kafka.coordinator.GroupCoordinator)
[2017-07-06 11:26:19,631] INFO [Group Metadata Manager on Broker 0]: Removed 0 expired offsets in 78 milliseconds. (kafka.coordinator.GroupMetadataManager)
[2017-07-06 11:26:19,758] INFO [ThrottledRequestReaper-Produce], Starting  (kafka.server.ClientQuotaManager$ThrottledRequestReaper)
[2017-07-06 11:26:19,761] INFO [ThrottledRequestReaper-Fetch], Starting  (kafka.server.ClientQuotaManager$ThrottledRequestReaper)
[2017-07-06 11:26:19,792] INFO Will not load MX4J, mx4j-tools.jar is not in the classpath (kafka.utils.Mx4jLoader$)
[2017-07-06 11:26:19,886] INFO Creating /brokers/ids/0 (is it secure? false) (kafka.utils.ZKCheckedEphemeral)
[2017-07-06 11:26:19,922] INFO New leader is 0 (kafka.server.ZookeeperLeaderElector$LeaderChangeListener)
[2017-07-06 11:26:19,937] INFO Result of znode creation is: OK (kafka.utils.ZKCheckedEphemeral)
[2017-07-06 11:26:19,938] INFO Registered broker 0 at path /brokers/ids/0 with addresses: PLAINTEXT -> EndPoint(knoldus,9092,PLAINTEXT) (kafka.utils.ZkUtils)
[2017-07-06 11:26:19,939] WARN No meta.properties file under dir /home/knoldus/Deepak_Laptop_Data/Desktop/desktopdata/demo-knolx/lagom-demo/target/lagom-dynamic-projects/lagom-internal-meta-project-kafka/target/kafka_data/meta.properties (kafka.server.BrokerMetadataCheckpoint)
[2017-07-06 11:26:20,249] INFO [Kafka Server 0], started (kafka.server.KafkaServer)
[2017-07-06 11:27:33,198] INFO [Kafka Server 0], shutting down (kafka.server.KafkaServer)
[2017-07-06 11:27:33,200] INFO [Kafka Server 0], Starting controlled shutdown (kafka.server.KafkaServer)
[2017-07-06 11:27:33,263] INFO [Kafka Server 0], Controlled shutdown succeeded (kafka.server.KafkaServer)
[2017-07-06 11:27:33,268] INFO [Socket Server on Broker 0], Shutting down (kafka.network.SocketServer)
[2017-07-06 11:27:33,358] INFO [Socket Server on Broker 0], Shutdown completed (kafka.network.SocketServer)
[2017-07-06 11:27:33,359] INFO [Kafka Request Handler on Broker 0], shutting down (kafka.server.KafkaRequestHandlerPool)
[2017-07-06 11:27:33,361] INFO [Kafka Request Handler on Broker 0], shut down completely (kafka.server.KafkaRequestHandlerPool)
[2017-07-06 11:27:33,406] INFO [ThrottledRequestReaper-Produce], Shutting down (kafka.server.ClientQuotaManager$ThrottledRequestReaper)
[2017-07-06 11:27:33,776] INFO [ThrottledRequestReaper-Produce], Stopped  (kafka.server.ClientQuotaManager$ThrottledRequestReaper)
[2017-07-06 11:27:33,776] INFO [ThrottledRequestReaper-Produce], Shutdown completed (kafka.server.ClientQuotaManager$ThrottledRequestReaper)
[2017-07-06 11:27:33,777] INFO [ThrottledRequestReaper-Fetch], Shutting down (kafka.server.ClientQuotaManager$ThrottledRequestReaper)
[2017-07-06 11:27:33,780] INFO [ThrottledRequestReaper-Fetch], Stopped  (kafka.server.ClientQuotaManager$ThrottledRequestReaper)
[2017-07-06 11:27:33,782] INFO [ThrottledRequestReaper-Fetch], Shutdown completed (kafka.server.ClientQuotaManager$ThrottledRequestReaper)
[2017-07-06 11:27:33,783] INFO [KafkaApi-0] Shutdown complete. (kafka.server.KafkaApis)
[2017-07-06 11:27:33,792] INFO [Replica Manager on Broker 0]: Shutting down (kafka.server.ReplicaManager)
[2017-07-06 11:27:33,794] INFO [ReplicaFetcherManager on broker 0] shutting down (kafka.server.ReplicaFetcherManager)
[2017-07-06 11:27:33,806] INFO [ReplicaFetcherManager on broker 0] shutdown completed (kafka.server.ReplicaFetcherManager)
[2017-07-06 11:27:33,807] INFO [ExpirationReaper-0], Shutting down (kafka.server.DelayedOperationPurgatory$ExpiredOperationReaper)
[2017-07-06 11:27:33,969] INFO [ExpirationReaper-0], Stopped  (kafka.server.DelayedOperationPurgatory$ExpiredOperationReaper)
[2017-07-06 11:27:33,969] INFO [ExpirationReaper-0], Shutdown completed (kafka.server.DelayedOperationPurgatory$ExpiredOperationReaper)
[2017-07-06 11:27:33,969] INFO [ExpirationReaper-0], Shutting down (kafka.server.DelayedOperationPurgatory$ExpiredOperationReaper)
[2017-07-06 11:27:34,163] INFO [ExpirationReaper-0], Stopped  (kafka.server.DelayedOperationPurgatory$ExpiredOperationReaper)
[2017-07-06 11:27:34,163] INFO [ExpirationReaper-0], Shutdown completed (kafka.server.DelayedOperationPurgatory$ExpiredOperationReaper)
[2017-07-06 11:27:34,190] INFO [Replica Manager on Broker 0]: Shut down completely (kafka.server.ReplicaManager)
[2017-07-06 11:27:34,190] INFO Shutting down. (kafka.log.LogManager)
[2017-07-06 11:27:34,203] INFO Shutdown complete. (kafka.log.LogManager)
[2017-07-06 11:27:34,213] INFO [GroupCoordinator 0]: Shutting down. (kafka.coordinator.GroupCoordinator)
[2017-07-06 11:27:34,213] INFO [ExpirationReaper-0], Shutting down (kafka.server.DelayedOperationPurgatory$ExpiredOperationReaper)
[2017-07-06 11:27:34,247] INFO [ExpirationReaper-0], Stopped  (kafka.server.DelayedOperationPurgatory$ExpiredOperationReaper)
[2017-07-06 11:27:34,247] INFO [ExpirationReaper-0], Shutdown completed (kafka.server.DelayedOperationPurgatory$ExpiredOperationReaper)
[2017-07-06 11:27:34,248] INFO [ExpirationReaper-0], Shutting down (kafka.server.DelayedOperationPurgatory$ExpiredOperationReaper)
[2017-07-06 11:27:34,250] INFO [ExpirationReaper-0], Stopped  (kafka.server.DelayedOperationPurgatory$ExpiredOperationReaper)
[2017-07-06 11:27:34,250] INFO [ExpirationReaper-0], Shutdown completed (kafka.server.DelayedOperationPurgatory$ExpiredOperationReaper)
[2017-07-06 11:27:34,250] INFO [GroupCoordinator 0]: Shutdown complete. (kafka.coordinator.GroupCoordinator)
[2017-07-06 11:27:34,264] INFO Terminate ZkClient event thread. (org.I0Itec.zkclient.ZkEventThread)
[2017-07-06 11:27:34,286] INFO [Kafka Server 0], shut down completed (kafka.server.KafkaServer)
